[INFO][2015-10-28 21:12:03,179][org.springframework.beans.factory.xml.XmlBeanDefinitionReader]Loading XML bean definitions from class path resource [spring.xml]
[INFO][2015-10-28 21:12:03,749][org.springframework.beans.factory.xml.XmlBeanDefinitionReader]Loading XML bean definitions from class path resource [spring-hibernate.xml]
[INFO][2015-10-28 21:12:03,965][org.springframework.context.support.GenericApplicationContext]Refreshing org.springframework.context.support.GenericApplicationContext@3dd3bcd: startup date [Wed Oct 28 21:12:03 CST 2015]; root of context hierarchy
[INFO][2015-10-28 21:12:04,268][org.springframework.beans.factory.config.PropertyPlaceholderConfigurer]Loading properties file from class path resource [config.properties]
[INFO][2015-10-28 21:12:04,358][org.springframework.beans.factory.support.DefaultListableBeanFactory]Pre-instantiating singletons in org.springframework.beans.factory.support.DefaultListableBeanFactory@226a82c4: defining beans [org.springframework.beans.factory.config.PropertyPlaceholderConfigurer#0,userDao,userService,org.springframework.context.annotation.internalConfigurationAnnotationProcessor,org.springframework.context.annotation.internalAutowiredAnnotationProcessor,org.springframework.context.annotation.internalRequiredAnnotationProcessor,org.springframework.context.annotation.internalCommonAnnotationProcessor,org.springframework.context.annotation.internalPersistenceAnnotationProcessor,mgTest,dataSource,sessionFactory,transactionManager,transactionAdvice,org.springframework.aop.config.internalAutoProxyCreator,transactionPointcut,org.springframework.aop.support.DefaultBeanFactoryPointcutAdvisor#0,org.springframework.context.annotation.ConfigurationClassPostProcessor.importAwareProcessor]; root of factory hierarchy
[ERROR][2015-10-28 21:12:04,643][com.alibaba.druid.pool.DruidAbstractDataSource]maxIdle is deprecated
[INFO][2015-10-28 21:12:04,760][com.alibaba.druid.pool.DruidDataSource]{dataSource-1} inited
[INFO][2015-10-28 21:12:05,219][org.hibernate.annotations.common.Version]HCANN000001: Hibernate Commons Annotations {4.0.2.Final}
[INFO][2015-10-28 21:12:05,230][org.hibernate.Version]HHH000412: Hibernate Core {4.2.5.Final}
[INFO][2015-10-28 21:12:05,233][org.hibernate.cfg.Environment]HHH000206: hibernate.properties not found
[INFO][2015-10-28 21:12:05,236][org.hibernate.cfg.Environment]HHH000021: Bytecode provider name : javassist
[INFO][2015-10-28 21:12:05,793][org.hibernate.dialect.Dialect]HHH000400: Using dialect: org.hibernate.dialect.MySQLDialect
[INFO][2015-10-28 21:12:05,982][org.hibernate.engine.transaction.internal.TransactionFactoryInitiator]HHH000399: Using default transaction strategy (direct JDBC transactions)
[INFO][2015-10-28 21:12:05,991][org.hibernate.hql.internal.ast.ASTQueryTranslatorFactory]HHH000397: Using ASTQueryTranslatorFactory
[INFO][2015-10-28 21:12:06,255][org.hibernate.tool.hbm2ddl.SchemaUpdate]HHH000228: Running hbm2ddl schema update
[INFO][2015-10-28 21:12:06,255][org.hibernate.tool.hbm2ddl.SchemaUpdate]HHH000102: Fetching database metadata
[INFO][2015-10-28 21:12:06,259][org.hibernate.tool.hbm2ddl.SchemaUpdate]HHH000396: Updating schema
[INFO][2015-10-28 21:12:06,291][org.hibernate.tool.hbm2ddl.TableMetadata]HHH000261: Table found: jk.t_user
[INFO][2015-10-28 21:12:06,291][org.hibernate.tool.hbm2ddl.TableMetadata]HHH000037: Columns: [upassword, uid, uname, usex]
[INFO][2015-10-28 21:12:06,291][org.hibernate.tool.hbm2ddl.TableMetadata]HHH000108: Foreign keys: []
[INFO][2015-10-28 21:12:06,292][org.hibernate.tool.hbm2ddl.TableMetadata]HHH000126: Indexes: [primary]
[INFO][2015-10-28 21:12:06,293][org.hibernate.tool.hbm2ddl.SchemaUpdate]HHH000232: Schema update complete
[INFO][2015-10-28 21:12:06,451][org.springframework.orm.hibernate4.HibernateTransactionManager]Using DataSource [{
	CreateTime:"2015-10-28 21:12:04",
	ActiveCount:0,
	PoolingCount:1,
	CreateCount:1,
	DestroyCount:0,
	CloseCount:2,
	ConnectCount:2,
	Connections:[
		{ID:475394679, ConnectTime:"2015-10-28 21:12:05", UseCount:2, LastActiveTime:"2015-10-28 21:12:06"}
	]
}] of Hibernate SessionFactory for HibernateTransactionManager
[INFO][2015-10-28 21:12:06,640][org.springframework.test.context.transaction.TransactionalTestExecutionListener]Began transaction (1): transaction manager [org.springframework.orm.hibernate4.HibernateTransactionManager@4fcee388]; rollback [true]
[WARN][2015-10-28 21:12:06,786][org.hibernate.hql.internal.ast.HqlSqlWalker][DEPRECATION] Encountered positional parameter near line 1, column 47.  Positional parameter are considered deprecated; use named parameters or JPA-style positional parameters instead.
[WARN][2015-10-28 21:12:06,788][org.hibernate.hql.internal.ast.HqlSqlWalker][DEPRECATION] Encountered positional parameter near line 1, column 64.  Positional parameter are considered deprecated; use named parameters or JPA-style positional parameters instead.
[INFO][2015-10-28 21:12:07,031][org.springframework.test.context.transaction.TransactionalTestExecutionListener]Rolled back transaction after test execution for test context [TestContext@28fa700e testClass = UserDaoTest, testInstance = com.phn.dao.UserDaoTest@3d526ad9, testMethod = testIsExist@UserDaoTest, testException = [null], mergedContextConfiguration = [MergedContextConfiguration@e041f0c testClass = UserDaoTest, locations = '{classpath:spring.xml, classpath:spring-hibernate.xml}', classes = '{}', contextInitializerClasses = '[]', activeProfiles = '{}', contextLoader = 'org.springframework.test.context.support.DelegatingSmartContextLoader', parent = [null]]]
[INFO][2015-10-28 21:12:07,039][org.springframework.context.support.GenericApplicationContext]Closing org.springframework.context.support.GenericApplicationContext@3dd3bcd: startup date [Wed Oct 28 21:12:03 CST 2015]; root of context hierarchy
[INFO][2015-10-28 21:12:07,052][org.springframework.beans.factory.support.DefaultListableBeanFactory]Destroying singletons in org.springframework.beans.factory.support.DefaultListableBeanFactory@226a82c4: defining beans [org.springframework.beans.factory.config.PropertyPlaceholderConfigurer#0,userDao,userService,org.springframework.context.annotation.internalConfigurationAnnotationProcessor,org.springframework.context.annotation.internalAutowiredAnnotationProcessor,org.springframework.context.annotation.internalRequiredAnnotationProcessor,org.springframework.context.annotation.internalCommonAnnotationProcessor,org.springframework.context.annotation.internalPersistenceAnnotationProcessor,mgTest,dataSource,sessionFactory,transactionManager,transactionAdvice,org.springframework.aop.config.internalAutoProxyCreator,transactionPointcut,org.springframework.aop.support.DefaultBeanFactoryPointcutAdvisor#0,org.springframework.context.annotation.ConfigurationClassPostProcessor.importAwareProcessor]; root of factory hierarchy
[INFO][2015-10-28 21:12:07,079][com.alibaba.druid.pool.DruidDataSource]{dataSource-1} closed
[INFO][2015-11-02 09:38:41,742][org.springframework.beans.factory.xml.XmlBeanDefinitionReader]Loading XML bean definitions from class path resource [spring.xml]
[INFO][2015-11-02 09:38:42,225][org.springframework.beans.factory.xml.XmlBeanDefinitionReader]Loading XML bean definitions from class path resource [spring-hibernate.xml]
[INFO][2015-11-02 09:38:42,299][org.springframework.context.support.GenericApplicationContext]Refreshing org.springframework.context.support.GenericApplicationContext@1fa1d9b: startup date [Mon Nov 02 09:38:42 CST 2015]; root of context hierarchy
[INFO][2015-11-02 09:38:42,471][org.springframework.beans.factory.config.PropertyPlaceholderConfigurer]Loading properties file from class path resource [config.properties]
[INFO][2015-11-02 09:38:42,538][org.springframework.beans.factory.support.DefaultListableBeanFactory]Pre-instantiating singletons in org.springframework.beans.factory.support.DefaultListableBeanFactory@b1cc93: defining beans [org.springframework.beans.factory.config.PropertyPlaceholderConfigurer#0,userDao,userService,org.springframework.context.annotation.internalConfigurationAnnotationProcessor,org.springframework.context.annotation.internalAutowiredAnnotationProcessor,org.springframework.context.annotation.internalRequiredAnnotationProcessor,org.springframework.context.annotation.internalCommonAnnotationProcessor,org.springframework.context.annotation.internalPersistenceAnnotationProcessor,mgTest,firstDao,dataSource,sessionFactory,transactionManager,transactionAdvice,org.springframework.aop.config.internalAutoProxyCreator,transactionPointcut,org.springframework.aop.support.DefaultBeanFactoryPointcutAdvisor#0,org.springframework.context.annotation.ConfigurationClassPostProcessor.importAwareProcessor]; root of factory hierarchy
[ERROR][2015-11-02 09:38:42,712][com.alibaba.druid.pool.DruidAbstractDataSource]maxIdle is deprecated
[INFO][2015-11-02 09:38:42,916][com.alibaba.druid.pool.DruidDataSource]{dataSource-1} inited
[INFO][2015-11-02 09:38:43,308][org.hibernate.annotations.common.Version]HCANN000001: Hibernate Commons Annotations {4.0.2.Final}
[INFO][2015-11-02 09:38:43,313][org.hibernate.Version]HHH000412: Hibernate Core {4.2.5.Final}
[INFO][2015-11-02 09:38:43,314][org.hibernate.cfg.Environment]HHH000206: hibernate.properties not found
[INFO][2015-11-02 09:38:43,316][org.hibernate.cfg.Environment]HHH000021: Bytecode provider name : javassist
[INFO][2015-11-02 09:38:43,767][org.hibernate.dialect.Dialect]HHH000400: Using dialect: org.hibernate.dialect.MySQLDialect
[INFO][2015-11-02 09:38:44,057][org.hibernate.engine.transaction.internal.TransactionFactoryInitiator]HHH000399: Using default transaction strategy (direct JDBC transactions)
[INFO][2015-11-02 09:38:44,090][org.hibernate.hql.internal.ast.ASTQueryTranslatorFactory]HHH000397: Using ASTQueryTranslatorFactory
[INFO][2015-11-02 09:38:44,389][org.hibernate.tool.hbm2ddl.SchemaUpdate]HHH000228: Running hbm2ddl schema update
[INFO][2015-11-02 09:38:44,389][org.hibernate.tool.hbm2ddl.SchemaUpdate]HHH000102: Fetching database metadata
[INFO][2015-11-02 09:38:44,392][org.hibernate.tool.hbm2ddl.SchemaUpdate]HHH000396: Updating schema
[INFO][2015-11-02 09:38:44,411][org.hibernate.tool.hbm2ddl.TableMetadata]HHH000261: Table found: jk.t_user
[INFO][2015-11-02 09:38:44,411][org.hibernate.tool.hbm2ddl.TableMetadata]HHH000037: Columns: [upassword, uid, uname, usex]
[INFO][2015-11-02 09:38:44,412][org.hibernate.tool.hbm2ddl.TableMetadata]HHH000108: Foreign keys: []
[INFO][2015-11-02 09:38:44,412][org.hibernate.tool.hbm2ddl.TableMetadata]HHH000126: Indexes: [primary]
[INFO][2015-11-02 09:38:44,412][org.hibernate.tool.hbm2ddl.SchemaUpdate]HHH000232: Schema update complete
[INFO][2015-11-02 09:38:44,465][org.springframework.orm.hibernate4.HibernateTransactionManager]Using DataSource [{
	CreateTime:"2015-11-02 09:38:42",
	ActiveCount:0,
	PoolingCount:1,
	CreateCount:1,
	DestroyCount:0,
	CloseCount:2,
	ConnectCount:2,
	Connections:[
		{ID:32648984, ConnectTime:"2015-11-02 09:38:43", UseCount:2, LastActiveTime:"2015-11-02 09:38:44"}
	]
}] of Hibernate SessionFactory for HibernateTransactionManager
[INFO][2015-11-02 09:38:44,572][org.springframework.test.context.transaction.TransactionalTestExecutionListener]Began transaction (1): transaction manager [org.springframework.orm.hibernate4.HibernateTransactionManager@8ab068]; rollback [true]
[WARN][2015-11-02 09:38:44,693][org.hibernate.hql.internal.ast.HqlSqlWalker][DEPRECATION] Encountered positional parameter near line 1, column 47.  Positional parameter are considered deprecated; use named parameters or JPA-style positional parameters instead.
[WARN][2015-11-02 09:38:44,695][org.hibernate.hql.internal.ast.HqlSqlWalker][DEPRECATION] Encountered positional parameter near line 1, column 64.  Positional parameter are considered deprecated; use named parameters or JPA-style positional parameters instead.
[INFO][2015-11-02 09:38:44,891][org.springframework.test.context.transaction.TransactionalTestExecutionListener]Rolled back transaction after test execution for test context [TestContext@14ab71a testClass = UserDaoTest, testInstance = com.phn.dao.UserDaoTest@3b4ef7, testMethod = testIsExist@UserDaoTest, testException = [null], mergedContextConfiguration = [MergedContextConfiguration@f05b03 testClass = UserDaoTest, locations = '{classpath:spring.xml, classpath:spring-hibernate.xml}', classes = '{}', contextInitializerClasses = '[]', activeProfiles = '{}', contextLoader = 'org.springframework.test.context.support.DelegatingSmartContextLoader', parent = [null]]]
[INFO][2015-11-02 09:38:44,925][org.springframework.context.support.GenericApplicationContext]Closing org.springframework.context.support.GenericApplicationContext@1fa1d9b: startup date [Mon Nov 02 09:38:42 CST 2015]; root of context hierarchy
[INFO][2015-11-02 09:38:44,926][org.springframework.beans.factory.support.DefaultListableBeanFactory]Destroying singletons in org.springframework.beans.factory.support.DefaultListableBeanFactory@b1cc93: defining beans [org.springframework.beans.factory.config.PropertyPlaceholderConfigurer#0,userDao,userService,org.springframework.context.annotation.internalConfigurationAnnotationProcessor,org.springframework.context.annotation.internalAutowiredAnnotationProcessor,org.springframework.context.annotation.internalRequiredAnnotationProcessor,org.springframework.context.annotation.internalCommonAnnotationProcessor,org.springframework.context.annotation.internalPersistenceAnnotationProcessor,mgTest,firstDao,dataSource,sessionFactory,transactionManager,transactionAdvice,org.springframework.aop.config.internalAutoProxyCreator,transactionPointcut,org.springframework.aop.support.DefaultBeanFactoryPointcutAdvisor#0,org.springframework.context.annotation.ConfigurationClassPostProcessor.importAwareProcessor]; root of factory hierarchy
[INFO][2015-11-02 09:38:44,940][com.alibaba.druid.pool.DruidDataSource]{dataSource-1} closed
